Build started 13/04/2015 12:55:14.
     1>Project "C:\Users\R2D2\Documents\Uni Stuff\Year 3\CGT Project\Pizza Man\GetModelData\GetModelData.vcxproj" on node 3 (Build target(s)).
     1>ClCompile:
         C:\Program Files (x86)\Microsoft Visual Studio 12.0\VC\bin\CL.exe /c /Zi /nologo /W3 /WX- /sdl /O2 /Oi /Oy- /GL /D WIN32 /D NDEBUG /D _WINDOWS /D _USRDLL /D GETMODELDATA_EXPORTS /D _WINDLL /D _UNICODE /D UNICODE /Gm- /EHsc /MD /GS /Gy /fp:precise /Zc:wchar_t /Zc:forScope /Fo"Release\\" /Fd"Release\vc120.pdb" /Gd /TP /analyze- /errorReport:prompt Source.cpp
         Source.cpp
       Link:
         C:\Program Files (x86)\Microsoft Visual Studio 12.0\VC\bin\link.exe /ERRORREPORT:PROMPT /OUT:"C:\Users\R2D2\Documents\Uni Stuff\Year 3\CGT Project\Pizza Man\Release\GetModelData.dll" /INCREMENTAL:NO /NOLOGO kernel32.lib user32.lib gdi32.lib winspool.lib comdlg32.lib advapi32.lib shell32.lib ole32.lib oleaut32.lib uuid.lib odbc32.lib odbccp32.lib /MANIFEST /MANIFESTUAC:"level='asInvoker' uiAccess='false'" /manifest:embed /DEBUG /PDB:"C:\Users\R2D2\Documents\Uni Stuff\Year 3\CGT Project\Pizza Man\Release\GetModelData.pdb" /SUBSYSTEM:WINDOWS /OPT:REF /OPT:ICF /LTCG /TLBID:1 /DYNAMICBASE /NXCOMPAT /IMPLIB:"C:\Users\R2D2\Documents\Uni Stuff\Year 3\CGT Project\Pizza Man\Release\GetModelData.lib" /MACHINE:X86 /SAFESEH /DLL Release\Source.obj
            Creating library C:\Users\R2D2\Documents\Uni Stuff\Year 3\CGT Project\Pizza Man\Release\GetModelData.lib and object C:\Users\R2D2\Documents\Uni Stuff\Year 3\CGT Project\Pizza Man\Release\GetModelData.exp
     1>Source.obj : error LNK2001: unresolved external symbol "public: struct aiScene const * __thiscall Assimp::Importer::ReadFile(char const *,unsigned int)" (?ReadFile@Importer@Assimp@@QAEPBUaiScene@@PBDI@Z)
     1>Source.obj : error LNK2001: unresolved external symbol "public: __thiscall Assimp::Importer::Importer(void)" (??0Importer@Assimp@@QAE@XZ)
     1>C:\Users\R2D2\Documents\Uni Stuff\Year 3\CGT Project\Pizza Man\Release\GetModelData.dll : fatal error LNK1120: 2 unresolved externals
     1>Done Building Project "C:\Users\R2D2\Documents\Uni Stuff\Year 3\CGT Project\Pizza Man\GetModelData\GetModelData.vcxproj" (Build target(s)) -- FAILED.

Build FAILED.

Time Elapsed 00:00:04.59
